<?xml version="1.0" encoding="UTF-8"?>
<!-- Generated by org.testng.reporters.JUnitReportReporter -->
<testsuite hostname="MadhuBabu-PC" name="com.nlsinc.java.FaceBook.FaceBookTest" tests="2" failures="0" timestamp="27 Jul 2016 16:35:35 GMT" time="12.272" errors="0">
  <testcase name="RegistationsValues" time="3.721" classname="com.nlsinc.java.FaceBook.FaceBookTest"/>
  <testcase name="driverInitialization" time="8.551" classname="com.nlsinc.java.FaceBook.FaceBookTest"/>
</testsuite> <!-- com.nlsinc.java.FaceBook.FaceBookTest -->
